2025-04-04 09:18:14.078285 - Received CBT.V508.FILE411.PDS from FILE411.XMI 
2025-04-04 09:18:14.079707 - Found $$$#DATE.txt (text/plain) in CBT.V508.FILE411.PDS, moved to PDS/$$$#DATE
2025-04-04 09:18:14.079863 - Found $$INDEX.txt (text/plain) in CBT.V508.FILE411.PDS, moved to PDS/$$INDEX
2025-04-04 09:18:14.080024 - Found @FILE411.txt (text/plain) in CBT.V508.FILE411.PDS, moved to PDS/@FILE411
2025-04-04 09:18:14.080158 - Found @FILE412.txt (text/plain) in CBT.V508.FILE411.PDS, moved to PDS/@FILE412
2025-04-04 09:18:14.080281 - Found CONFIGX$.txt (text/plain) in CBT.V508.FILE411.PDS, moved to PDS/CONFIGX$
2025-04-04 09:18:14.080406 - Found CONFIGXX.txt (text/plain) in CBT.V508.FILE411.PDS, moved to PDS/CONFIGXX
2025-04-04 09:18:14.080552 - Found DDDEFCH$.txt (text/plain) in CBT.V508.FILE411.PDS, moved to PDS/DDDEFCH$
2025-04-04 09:18:14.080710 - Found DDDEFPT$.txt (text/plain) in CBT.V508.FILE411.PDS, moved to PDS/DDDEFPT$
2025-04-04 09:18:14.080833 - Found DELNOEJ1.jcl (text/plain) in CBT.V508.FILE411.PDS, moved to PDS/DELNOEJ1
2025-04-04 09:18:14.080955 - Found DELNOEN$.jcl (text/plain) in CBT.V508.FILE411.PDS, moved to PDS/DELNOEN$
2025-04-04 09:18:14.081090 - Found DELNOEN#.txt (text/plain) in CBT.V508.FILE411.PDS, moved to PDS/DELNOEN#
2025-04-04 09:18:14.081215 - Found DELNOENQ.txt (text/plain) in CBT.V508.FILE411.PDS, moved to PDS/DELNOENQ
2025-04-04 09:18:14.081338 - Found IEFACTR$.txt (text/plain) in CBT.V508.FILE411.PDS, moved to PDS/IEFACTR$
2025-04-04 09:18:14.081468 - Found IEFACTRT.txt (text/plain) in CBT.V508.FILE411.PDS, moved to PDS/IEFACTRT
2025-04-04 09:18:14.081612 - Found LISTMEM.txt (text/plain) in CBT.V508.FILE411.PDS, moved to PDS/LISTMEM
2025-04-04 09:18:14.081749 - Found LISTSY$.txt (text/plain) in CBT.V508.FILE411.PDS, moved to PDS/LISTSY$
2025-04-04 09:18:14.081877 - Found LISTSY@.txt (text/plain) in CBT.V508.FILE411.PDS, moved to PDS/LISTSY@
2025-04-04 09:18:14.081993 - Found LISTSYM.txt (text/plain) in CBT.V508.FILE411.PDS, moved to PDS/LISTSYM
2025-04-04 09:18:14.082123 - Found SLEE$.txt (text/plain) in CBT.V508.FILE411.PDS, moved to PDS/SLEE$
2025-04-04 09:18:14.082245 - Found SLEE@.txt (text/plain) in CBT.V508.FILE411.PDS, moved to PDS/SLEE@
2025-04-04 09:18:14.082369 - Found SLEEP.txt (text/plain) in CBT.V508.FILE411.PDS, moved to PDS/SLEEP
2025-04-04 09:18:14.082483 - Found STEMPUL$.txt (text/plain) in CBT.V508.FILE411.PDS, moved to PDS/STEMPUL$
2025-04-04 09:18:14.082611 - Found STEMPUL#.txt (text/plain) in CBT.V508.FILE411.PDS, moved to PDS/STEMPUL#
2025-04-04 09:18:14.082753 - Found STEMPUL@.txt (text/plain) in CBT.V508.FILE411.PDS, moved to PDS/STEMPUL@
2025-04-04 09:18:14.082874 - Found STEMPULL.txt (text/plain) in CBT.V508.FILE411.PDS, moved to PDS/STEMPULL
2025-04-04 09:18:14.083001 - Found STEMPUS#.txt (text/plain) in CBT.V508.FILE411.PDS, moved to PDS/STEMPUS#
2025-04-04 09:18:14.083116 - Found STEMPUSH.txt (text/plain) in CBT.V508.FILE411.PDS, moved to PDS/STEMPUSH
2025-04-04 09:18:14.083240 - Found VARYDAS$.txt (text/plain) in CBT.V508.FILE411.PDS, moved to PDS/VARYDAS$
2025-04-04 09:18:14.083354 - Found VARYDASD.txt (text/plain) in CBT.V508.FILE411.PDS, moved to PDS/VARYDASD
2025-04-04 09:18:14.083472 - Found VIEWSYM.rexx (text/plain) in CBT.V508.FILE411.PDS, moved to PDS/VIEWSYM
2025-04-04 09:18:14.083583 - Found VTOCUTI$.txt (text/plain) in CBT.V508.FILE411.PDS, moved to PDS/VTOCUTI$
